
> clientapp@0.1.0 test
> react-scripts test --coverage --coverageReporters=text-lcov --watchAll=false --runInBand

TN:
SF:src/App.js
FN:29,App
FNF:1
FNH:1
FNDA:1,App
DA:30,1
LF:1
LH:1
BRF:0
BRH:0
end_of_record
TN:
SF:src/config.js
FNF:0
FNH:0
DA:2,21
DA:3,21
LF:2
LH:2
BRF:0
BRH:0
end_of_record
TN:
SF:src/index.js
FNF:0
FNH:0
DA:7,0
DA:8,0
DA:17,0
LF:3
LH:0
BRF:0
BRH:0
end_of_record
TN:
SF:src/reportWebVitals.js
FN:1,(anonymous_0)
FN:3,(anonymous_1)
FNF:2
FNH:0
FNDA:0,(anonymous_0)
FNDA:0,(anonymous_1)
DA:1,0
DA:2,0
DA:3,0
DA:4,0
DA:5,0
DA:6,0
DA:7,0
DA:8,0
LF:8
LH:0
BRDA:2,0,0,0
BRDA:2,0,1,0
BRDA:2,1,0,0
BRDA:2,1,1,0
BRF:4
BRH:0
end_of_record
TN:
SF:src/setupProxy.js
FN:3,(anonymous_0)
FNF:1
FNH:0
FNDA:0,(anonymous_0)
DA:1,0
DA:3,0
DA:4,0
DA:12,0
LF:4
LH:0
BRF:0
BRH:0
end_of_record
TN:
SF:src/3d_module/components/Camera/CameraComponent.tsx
FN:4,(anonymous_0)
FN:11,(anonymous_1)
FNF:2
FNH:0
FNDA:0,(anonymous_0)
FNDA:0,(anonymous_1)
DA:4,0
DA:5,0
DA:11,0
LF:3
LH:0
BRF:0
BRH:0
end_of_record
TN:
SF:src/3d_module/components/Camera/CameraControls.tsx
FN:10,(anonymous_0)
FN:14,(anonymous_1)
FN:15,(anonymous_2)
FN:28,(anonymous_3)
FNF:4
FNH:0
FNDA:0,(anonymous_0)
FNDA:0,(anonymous_1)
FNDA:0,(anonymous_2)
FNDA:0,(anonymous_3)
DA:10,0
DA:11,0
DA:12,0
DA:14,0
DA:15,0
DA:16,0
DA:18,0
DA:19,0
DA:23,0
DA:27,0
DA:28,0
DA:31,0
LF:12
LH:0
BRDA:16,0,0,0
BRDA:16,0,1,0
BRF:2
BRH:0
end_of_record
TN:
SF:src/3d_module/components/Room/RoomComponent.tsx
FN:15,(anonymous_0)
FN:30,(anonymous_1)
FN:31,(anonymous_2)
FNF:3
FNH:0
FNDA:0,(anonymous_0)
FNDA:0,(anonymous_1)
FNDA:0,(anonymous_2)
DA:15,0
DA:16,0
DA:18,0
DA:19,0
DA:20,0
DA:21,0
DA:24,0
DA:25,0
DA:27,0
DA:28,0
DA:30,0
DA:31,0
DA:34,0
LF:13
LH:0
BRDA:63,0,0,0
BRDA:63,0,1,0
BRDA:81,1,0,0
BRDA:81,1,1,0
BRF:4
BRH:0
end_of_record
TN:
SF:src/3d_module/components/Scene/SceneComponent.tsx
FN:26,(anonymous_0)
FN:30,(anonymous_1)
FN:57,(anonymous_2)
FN:65,(anonymous_3)
FN:75,(anonymous_4)
FN:82,(anonymous_5)
FN:85,(anonymous_6)
FN:86,(anonymous_7)
FN:89,(anonymous_8)
FN:92,(anonymous_9)
FN:116,(anonymous_10)
FN:127,(anonymous_11)
FN:133,(anonymous_12)
FN:134,(anonymous_13)
FN:149,(anonymous_14)
FNF:15
FNH:0
FNDA:0,(anonymous_0)
FNDA:0,(anonymous_1)
FNDA:0,(anonymous_2)
FNDA:0,(anonymous_3)
FNDA:0,(anonymous_4)
FNDA:0,(anonymous_5)
FNDA:0,(anonymous_6)
FNDA:0,(anonymous_7)
FNDA:0,(anonymous_8)
FNDA:0,(anonymous_9)
FNDA:0,(anonymous_10)
FNDA:0,(anonymous_11)
FNDA:0,(anonymous_12)
FNDA:0,(anonymous_13)
FNDA:0,(anonymous_14)
DA:26,0
DA:27,0
DA:28,0
DA:30,0
DA:32,0
DA:33,0
DA:37,0
DA:58,0
DA:65,0
DA:75,0
DA:76,0
DA:77,0
DA:78,0
DA:79,0
DA:80,0
DA:82,0
DA:84,0
DA:85,0
DA:87,0
DA:89,0
DA:92,0
DA:93,0
DA:95,0
DA:96,0
DA:97,0
DA:101,0
DA:107,0
DA:113,0
DA:117,0
DA:119,0
DA:120,0
DA:123,0
DA:124,0
DA:128,0
DA:133,0
DA:134,0
DA:135,0
DA:136,0
DA:138,0
DA:141,0
DA:150,0
DA:151,0
LF:42
LH:0
BRDA:32,0,0,0
BRDA:32,0,1,0
BRDA:87,1,0,0
BRDA:87,1,1,0
BRDA:95,2,0,0
BRDA:95,2,1,0
BRDA:119,3,0,0
BRDA:119,3,1,0
BRDA:123,4,0,0
BRDA:123,4,1,0
BRF:10
BRH:0
end_of_record
TN:
SF:src/3d_module/components/Scene/SceneControls.tsx
FN:21,(anonymous_0)
FN:24,(anonymous_1)
FN:25,(anonymous_2)
FN:27,(anonymous_3)
FN:32,(anonymous_4)
FNF:5
FNH:0
FNDA:0,(anonymous_0)
FNDA:0,(anonymous_1)
FNDA:0,(anonymous_2)
FNDA:0,(anonymous_3)
FNDA:0,(anonymous_4)
DA:21,0
DA:22,0
DA:24,0
DA:25,0
DA:26,0
DA:27,0
DA:31,0
DA:32,0
DA:33,0
DA:37,0
LF:10
LH:0
BRDA:26,0,0,0
BRDA:26,0,1,0
BRDA:39,1,0,0
BRDA:39,1,1,0
BRDA:39,1,2,0
BRDA:45,2,0,0
BRDA:45,2,1,0
BRDA:45,2,2,0
BRF:8
BRH:0
end_of_record
TN:
SF:src/3d_module/service/SceneContext.tsx
FN:23,(anonymous_0)
FN:41,(anonymous_1)
FNF:2
FNH:0
FNDA:0,(anonymous_0)
FNDA:0,(anonymous_1)
DA:15,0
DA:23,0
DA:24,0
DA:25,0
DA:26,0
DA:28,0
DA:37,0
DA:41,0
DA:42,0
DA:43,0
DA:44,0
DA:46,0
LF:12
LH:0
BRDA:43,0,0,0
BRDA:43,0,1,0
BRF:2
BRH:0
end_of_record
TN:
SF:src/components/Menu.js
FN:10,Menu
FN:14,(anonymous_1)
FNF:2
FNH:0
FNDA:0,Menu
FNDA:0,(anonymous_1)
DA:11,0
DA:12,0
DA:14,0
DA:16,0
DA:17,0
DA:20,0
DA:23,0
LF:7
LH:0
BRDA:29,0,0,0
BRDA:29,0,1,0
BRDA:30,1,0,0
BRDA:30,1,1,0
BRDA:31,2,0,0
BRDA:31,2,1,0
BRDA:34,3,0,0
BRDA:34,3,1,0
BRF:8
BRH:0
end_of_record
TN:
SF:src/components/PrivateRoute.js
FN:6,PrivateRoute
FNF:1
FNH:0
FNDA:0,PrivateRoute
DA:7,0
DA:8,0
DA:11,0
DA:12,0
DA:15,0
DA:16,0
DA:19,0
LF:7
LH:0
BRDA:11,0,0,0
BRDA:11,0,1,0
BRDA:15,1,0,0
BRDA:15,1,1,0
BRF:4
BRH:0
end_of_record
TN:
SF:src/components/About/About.js
FN:6,About
FNF:1
FNH:0
FNDA:0,About
DA:7,0
LF:1
LH:0
BRF:0
BRH:0
end_of_record
TN:
SF:src/components/AdminMenu/AdminMenu.js
FN:21,AdminMenu
FNF:1
FNH:0
FNDA:0,AdminMenu
DA:22,0
LF:1
LH:0
BRF:0
BRH:0
end_of_record
TN:
SF:src/components/CommonMenu/CommonMenu.js
FN:7,CommonMenu
FNF:1
FNH:0
FNDA:0,CommonMenu
DA:8,0
LF:1
LH:0
BRF:0
BRH:0
end_of_record
TN:
SF:src/components/DoctorMenu/DoctorMenu.js
FN:13,DoctorMenu
FNF:1
FNH:0
FNDA:0,DoctorMenu
DA:14,0
LF:1
LH:0
BRF:0
BRH:0
end_of_record
TN:
SF:src/components/LandingPage/LandingPage.js
FN:5,LandingPage
FNF:1
FNH:1
FNDA:1,LandingPage
DA:6,1
LF:1
LH:1
BRF:0
BRH:0
end_of_record
TN:
SF:src/components/PatientMenu/PatientMenu.js
FN:8,PatientMenu
FNF:1
FNH:0
FNDA:0,PatientMenu
DA:10,0
LF:1
LH:0
BRF:0
BRH:0
end_of_record
TN:
SF:src/modules/Admin/Patient-Profile-Management/DeletePatient-Profile/DeletePatientProfile.js
FN:6,DeletePatientProfile
FN:10,(anonymous_1)
FN:57,(anonymous_2)
FNF:3
FNH:0
FNDA:0,DeletePatientProfile
FNDA:0,(anonymous_1)
FNDA:0,(anonymous_2)
DA:7,0
DA:8,0
DA:10,0
DA:11,0
DA:12,0
DA:13,0
DA:14,0
DA:17,0
DA:18,0
DA:20,0
DA:21,0
DA:27,0
DA:29,0
DA:30,0
DA:32,0
DA:35,0
DA:36,0
DA:37,0
DA:41,0
DA:57,0
LF:20
LH:0
BRDA:11,0,0,0
BRDA:11,0,1,0
BRDA:11,1,0,0
BRDA:11,1,1,0
BRDA:29,2,0,0
BRDA:29,2,1,0
BRDA:46,3,0,0
BRDA:46,3,1,0
BRDA:53,4,0,0
BRDA:53,4,1,0
BRF:10
BRH:0
end_of_record
TN:
SF:src/modules/Admin/Patient-Profile-Management/PatientProfileDetails/PatientProfileDetails.js
FN:6,PatientProfileDetails
FN:11,(anonymous_1)
FN:47,(anonymous_2)
FNF:3
FNH:0
FNDA:0,PatientProfileDetails
FNDA:0,(anonymous_1)
FNDA:0,(anonymous_2)
DA:7,0
DA:8,0
DA:9,0
DA:11,0
DA:12,0
DA:13,0
DA:15,0
DA:16,0
DA:17,0
DA:20,0
DA:21,0
DA:26,0
DA:28,0
DA:29,0
DA:31,0
DA:36,0
DA:47,0
LF:17
LH:0
BRDA:15,0,0,0
BRDA:15,0,1,0
BRDA:28,1,0,0
BRDA:28,1,1,0
BRDA:28,2,0,0
BRDA:28,2,1,0
BRDA:52,3,0,0
BRDA:52,3,1,0
BRDA:54,4,0,0
BRDA:54,4,1,0
BRF:10
BRH:0
end_of_record
TN:
SF:src/modules/Admin/Patient-Profile-Management/PatientProfilesList/PatientProfileList.js
FN:8,PatientProfileList
FN:17,(anonymous_1)
FN:19,(anonymous_2)
FN:38,(anonymous_3)
FN:40,(anonymous_4)
FN:40,(anonymous_5)
FN:46,(anonymous_6)
FN:48,(anonymous_7)
FN:49,(anonymous_8)
FN:66,(anonymous_9)
FN:81,(anonymous_10)
FN:90,(anonymous_11)
FNF:12
FNH:0
FNDA:0,PatientProfileList
FNDA:0,(anonymous_1)
FNDA:0,(anonymous_2)
FNDA:0,(anonymous_3)
FNDA:0,(anonymous_4)
FNDA:0,(anonymous_5)
FNDA:0,(anonymous_6)
FNDA:0,(anonymous_7)
FNDA:0,(anonymous_8)
FNDA:0,(anonymous_9)
FNDA:0,(anonymous_10)
FNDA:0,(anonymous_11)
DA:9,0
DA:10,0
DA:11,0
DA:12,0
DA:13,0
DA:14,0
DA:17,0
DA:19,0
DA:20,0
DA:21,0
DA:25,0
DA:26,0
DA:27,0
DA:29,0
DA:30,0
DA:31,0
DA:35,0
DA:38,0
DA:39,0
DA:40,0
DA:41,0
DA:43,0
DA:46,0
DA:47,0
DA:48,0
DA:49,0
DA:50,0
DA:53,0
DA:55,0
DA:58,0
DA:59,0
DA:61,0
DA:67,0
DA:82,0
DA:83,0
DA:90,0
LF:36
LH:0
BRDA:39,0,0,0
BRDA:39,0,1,0
BRDA:47,1,0,0
BRDA:47,1,1,0
BRDA:50,2,0,0
BRDA:50,2,1,0
BRDA:58,3,0,0
BRDA:58,3,1,0
BRDA:59,4,0,0
BRDA:59,4,1,0
BRDA:65,5,0,0
BRDA:65,5,1,0
BRDA:102,6,0,0
BRDA:102,6,1,0
BRDA:114,7,0,0
BRDA:114,7,1,0
BRF:16
BRH:0
end_of_record
TN:
SF:src/modules/Admin/Patient-Profile-Management/RegisterPatientProfile/RegisterPatientProfile.js
FN:6,RegisterPatientProfile
FN:23,(anonymous_1)
FN:28,(anonymous_2)
FN:34,(anonymous_3)
FN:38,(anonymous_4)
FN:39,(anonymous_5)
FN:43,(anonymous_6)
FN:180,(anonymous_7)
FN:185,(anonymous_8)
FN:191,(anonymous_9)
FN:201,(anonymous_10)
FN:209,(anonymous_11)
FN:214,(anonymous_12)
FN:220,(anonymous_13)
FN:228,(anonymous_14)
FNF:15
FNH:0
FNDA:0,RegisterPatientProfile
FNDA:0,(anonymous_1)
FNDA:0,(anonymous_2)
FNDA:0,(anonymous_3)
FNDA:0,(anonymous_4)
FNDA:0,(anonymous_5)
FNDA:0,(anonymous_6)
FNDA:0,(anonymous_7)
FNDA:0,(anonymous_8)
FNDA:0,(anonymous_9)
FNDA:0,(anonymous_10)
FNDA:0,(anonymous_11)
FNDA:0,(anonymous_12)
FNDA:0,(anonymous_13)
FNDA:0,(anonymous_14)
DA:7,0
DA:19,0
DA:20,0
DA:21,0
DA:23,0
DA:24,0
DA:25,0
DA:28,0
DA:29,0
DA:30,0
DA:31,0
DA:34,0
DA:35,0
DA:38,0
DA:39,0
DA:40,0
DA:43,0
DA:44,0
DA:45,0
DA:46,0
DA:47,0
DA:49,0
DA:50,0
DA:51,0
DA:61,0
DA:62,0
DA:63,0
DA:76,0
DA:81,0
DA:85,0
DA:181,0
DA:186,0
DA:192,0
DA:201,0
DA:210,0
DA:215,0
DA:220,0
DA:228,0
LF:38
LH:0
BRDA:61,0,0,0
BRDA:61,0,1,0
BRDA:77,1,0,0
BRDA:77,1,1,0
BRDA:88,2,0,0
BRDA:88,2,1,0
BRDA:89,3,0,0
BRDA:89,3,1,0
BRDA:180,4,0,0
BRDA:180,4,1,0
BRDA:209,5,0,0
BRDA:209,5,1,0
BRDA:235,6,0,0
BRDA:235,6,1,0
BRF:14
BRH:0
end_of_record
TN:
SF:src/modules/Admin/Patient-Profile-Management/UpdatePatientProfile/UpdatePatientProfile.js
FN:6,(anonymous_0)
FN:22,(anonymous_1)
FN:27,(anonymous_2)
FN:33,(anonymous_3)
FN:37,(anonymous_4)
FN:38,(anonymous_5)
FN:43,(anonymous_6)
FN:61,(anonymous_7)
FN:69,(anonymous_8)
FN:123,(anonymous_9)
FN:128,(anonymous_10)
FN:134,(anonymous_11)
FN:144,(anonymous_12)
FN:157,(anonymous_13)
FN:162,(anonymous_14)
FN:168,(anonymous_15)
FN:178,(anonymous_16)
FNF:17
FNH:0
FNDA:0,(anonymous_0)
FNDA:0,(anonymous_1)
FNDA:0,(anonymous_2)
FNDA:0,(anonymous_3)
FNDA:0,(anonymous_4)
FNDA:0,(anonymous_5)
FNDA:0,(anonymous_6)
FNDA:0,(anonymous_7)
FNDA:0,(anonymous_8)
FNDA:0,(anonymous_9)
FNDA:0,(anonymous_10)
FNDA:0,(anonymous_11)
FNDA:0,(anonymous_12)
FNDA:0,(anonymous_13)
FNDA:0,(anonymous_14)
FNDA:0,(anonymous_15)
FNDA:0,(anonymous_16)
DA:6,1
DA:7,0
DA:8,0
DA:9,0
DA:20,0
DA:22,0
DA:23,0
DA:24,0
DA:27,0
DA:28,0
DA:29,0
DA:30,0
DA:33,0
DA:34,0
DA:37,0
DA:38,0
DA:39,0
DA:43,0
DA:44,0
DA:45,0
DA:46,0
DA:53,0
DA:54,0
DA:56,0
DA:57,0
DA:61,0
DA:62,0
DA:65,0
DA:69,0
DA:124,0
DA:129,0
DA:135,0
DA:145,0
DA:158,0
DA:163,0
DA:169,0
DA:178,0
LF:37
LH:1
BRDA:68,0,0,0
BRDA:68,0,1,0
BRDA:123,1,0,0
BRDA:123,1,1,0
BRDA:157,2,0,0
BRDA:157,2,1,0
BRDA:192,3,0,0
BRDA:192,3,1,0
BRF:8
BRH:0
end_of_record
TN:
SF:src/modules/Admin/UserManagement/DeleteUser/DeleteUser.js
FN:6,DeleteUser
FN:10,(anonymous_1)
FN:51,(anonymous_2)
FNF:3
FNH:3
FNDA:8,DeleteUser
FNDA:2,(anonymous_1)
FNDA:1,(anonymous_2)
DA:7,8
DA:8,8
DA:10,8
DA:11,2
DA:12,2
DA:13,2
DA:21,1
DA:22,1
DA:23,1
DA:25,0
DA:28,1
DA:29,1
DA:33,8
DA:51,1
LF:14
LH:13
BRDA:22,0,0,1
BRDA:22,0,1,0
BRDA:29,1,0,1
BRDA:29,1,1,0
BRDA:40,2,0,8
BRDA:40,2,1,0
BRDA:47,3,0,2
BRDA:47,3,1,6
BRF:8
BRH:5
end_of_record
TN:
SF:src/modules/Admin/UserManagement/RegisterUser/RegisterUser.js
FN:6,RegisterUser
FN:18,(anonymous_1)
FN:23,(anonymous_2)
FNF:3
FNH:3
FNDA:18,RegisterUser
FNDA:10,(anonymous_1)
FNDA:2,(anonymous_2)
DA:7,18
DA:14,18
DA:15,18
DA:16,18
DA:18,18
DA:19,10
DA:20,10
DA:23,18
DA:24,2
DA:25,2
DA:26,2
DA:27,2
DA:29,2
DA:30,2
DA:31,2
DA:39,1
DA:40,1
DA:41,1
DA:44,1
DA:46,2
DA:50,18
LF:21
LH:21
BRDA:39,0,0,1
BRDA:39,0,1,0
BRDA:44,1,0,1
BRDA:44,1,1,0
BRDA:53,2,0,18
BRDA:53,2,1,1
BRDA:54,3,0,18
BRDA:54,3,1,1
BRDA:106,4,0,2
BRDA:106,4,1,16
BRF:10
BRH:8
end_of_record
TN:
SF:src/modules/Admin/UserManagement/UpdateUser/UpdateUser.js
FN:7,(anonymous_0)
FN:18,(anonymous_1)
FN:23,(anonymous_2)
FN:41,(anonymous_3)
FN:49,(anonymous_4)
FNF:5
FNH:4
FNDA:12,(anonymous_0)
FNDA:2,(anonymous_1)
FNDA:2,(anonymous_2)
FNDA:1,(anonymous_3)
FNDA:0,(anonymous_4)
DA:7,3
DA:8,12
DA:14,12
DA:15,12
DA:16,12
DA:18,12
DA:19,2
DA:20,2
DA:23,12
DA:24,2
DA:25,2
DA:26,2
DA:33,1
DA:34,1
DA:36,1
DA:37,1
DA:41,12
DA:42,1
DA:45,12
DA:49,0
LF:20
LH:19
BRDA:48,0,0,12
BRDA:48,0,1,1
BRDA:97,1,0,2
BRDA:97,1,1,10
BRF:4
BRH:4
end_of_record
TN:
SF:src/modules/Admin/UserManagement/UserDetails/UserDetails.js
FN:6,UserDetails
FN:11,(anonymous_1)
FN:46,(anonymous_2)
FNF:3
FNH:3
FNDA:13,UserDetails
FNDA:3,(anonymous_1)
FNDA:3,(anonymous_2)
DA:7,13
DA:8,13
DA:9,13
DA:11,13
DA:12,3
DA:13,3
DA:15,3
DA:16,0
DA:17,0
DA:20,3
DA:21,3
DA:26,1
DA:28,2
DA:29,1
DA:31,1
DA:36,13
DA:46,3
LF:17
LH:15
BRDA:15,0,0,0
BRDA:15,0,1,3
BRDA:28,1,0,1
BRDA:28,1,1,1
BRDA:28,2,0,2
BRDA:28,2,1,1
BRDA:52,3,0,13
BRDA:52,3,1,2
BRDA:54,4,0,13
BRDA:54,4,1,1
BRF:10
BRH:9
end_of_record
TN:
SF:src/modules/Admin/UserManagement/UserList/UserList.js
FN:8,UserList
FN:16,(anonymous_1)
FN:17,(anonymous_2)
FN:33,(anonymous_3)
FN:35,(anonymous_4)
FN:35,(anonymous_5)
FN:41,(anonymous_6)
FN:43,(anonymous_7)
FN:44,(anonymous_8)
FN:61,(anonymous_9)
FN:70,(anonymous_10)
FN:76,(anonymous_11)
FNF:12
FNH:6
FNDA:14,UserList
FNDA:6,(anonymous_1)
FNDA:6,(anonymous_2)
FNDA:0,(anonymous_3)
FNDA:0,(anonymous_4)
FNDA:0,(anonymous_5)
FNDA:0,(anonymous_6)
FNDA:0,(anonymous_7)
FNDA:0,(anonymous_8)
FNDA:10,(anonymous_9)
FNDA:1,(anonymous_10)
FNDA:1,(anonymous_11)
DA:9,14
DA:10,13
DA:11,13
DA:12,13
DA:13,13
DA:14,13
DA:16,13
DA:17,6
DA:18,6
DA:19,6
DA:22,5
DA:23,4
DA:25,2
DA:26,2
DA:30,6
DA:33,13
DA:34,0
DA:35,0
DA:36,0
DA:38,0
DA:41,13
DA:42,0
DA:43,0
DA:44,0
DA:45,0
DA:48,0
DA:50,0
DA:53,13
DA:54,7
DA:56,6
DA:62,10
DA:70,1
DA:76,1
LF:33
LH:23
BRDA:34,0,0,0
BRDA:34,0,1,0
BRDA:42,1,0,0
BRDA:42,1,1,0
BRDA:45,2,0,0
BRDA:45,2,1,0
BRDA:53,3,0,6
BRDA:53,3,1,7
BRDA:54,4,0,1
BRDA:54,4,1,6
BRDA:60,5,0,5
BRDA:60,5,1,1
BRDA:88,6,0,6
BRDA:88,6,1,1
BRDA:100,7,0,6
BRDA:100,7,1,1
BRF:16
BRH:10
end_of_record
TN:
SF:src/modules/Allergies/ManageAllergiesAsAdmin.js
FN:5,ManageAllergiesAsAdmin
FN:13,(anonymous_1)
FN:17,(anonymous_2)
FN:29,(anonymous_3)
FN:46,(anonymous_4)
FN:60,(anonymous_5)
FN:64,(anonymous_6)
FN:80,(anonymous_7)
FN:84,(anonymous_8)
FN:88,(anonymous_9)
FN:105,(anonymous_10)
FN:120,(anonymous_11)
FN:132,(anonymous_12)
FN:138,(anonymous_13)
FN:144,(anonymous_14)
FN:164,(anonymous_15)
FN:172,(anonymous_16)
FN:184,(anonymous_17)
FN:196,(anonymous_18)
FN:202,(anonymous_19)
FNF:20
FNH:0
FNDA:0,ManageAllergiesAsAdmin
FNDA:0,(anonymous_1)
FNDA:0,(anonymous_2)
FNDA:0,(anonymous_3)
FNDA:0,(anonymous_4)
FNDA:0,(anonymous_5)
FNDA:0,(anonymous_6)
FNDA:0,(anonymous_7)
FNDA:0,(anonymous_8)
FNDA:0,(anonymous_9)
FNDA:0,(anonymous_10)
FNDA:0,(anonymous_11)
FNDA:0,(anonymous_12)
FNDA:0,(anonymous_13)
FNDA:0,(anonymous_14)
FNDA:0,(anonymous_15)
FNDA:0,(anonymous_16)
FNDA:0,(anonymous_17)
FNDA:0,(anonymous_18)
FNDA:0,(anonymous_19)
DA:6,0
DA:7,0
DA:8,0
DA:9,0
DA:10,0
DA:11,0
DA:13,0
DA:14,0
DA:17,0
DA:18,0
DA:19,0
DA:20,0
DA:21,0
DA:23,0
DA:25,0
DA:29,0
DA:30,0
DA:31,0
DA:32,0
DA:34,0
DA:35,0
DA:36,0
DA:37,0
DA:39,0
DA:40,0
DA:42,0
DA:46,0
DA:47,0
DA:48,0
DA:49,0
DA:51,0
DA:52,0
DA:53,0
DA:54,0
DA:55,0
DA:57,0
DA:58,0
DA:60,0
DA:64,0
DA:65,0
DA:66,0
DA:67,0
DA:68,0
DA:71,0
DA:72,0
DA:73,0
DA:74,0
DA:75,0
DA:77,0
DA:78,0
DA:80,0
DA:84,0
DA:85,0
DA:88,0
DA:89,0
DA:90,0
DA:91,0
DA:92,0
DA:95,0
DA:96,0
DA:97,0
DA:98,0
DA:99,0
DA:100,0
DA:102,0
DA:103,0
DA:105,0
DA:109,0
DA:120,0
DA:133,0
DA:138,0
DA:144,0
DA:165,0
DA:173,0
DA:184,0
DA:196,0
DA:203,0
LF:77
LH:0
BRDA:30,0,0,0
BRDA:30,0,1,0
BRDA:37,1,0,0
BRDA:37,1,1,0
BRDA:47,2,0,0
BRDA:47,2,1,0
BRDA:47,3,0,0
BRDA:47,3,1,0
BRDA:65,4,0,0
BRDA:65,4,1,0
BRDA:89,5,0,0
BRDA:89,5,1,0
BRDA:113,6,0,0
BRDA:113,6,1,0
BRDA:127,7,0,0
BRDA:127,7,1,0
BRDA:131,8,0,0
BRDA:131,8,1,0
BRDA:157,9,0,0
BRDA:157,9,1,0
BRF:20
BRH:0
end_of_record
TN:
SF:src/modules/Allergies/ManageAllergiesAsDoctor.js
FN:5,ManageAllergies
FN:11,(anonymous_1)
FN:15,(anonymous_2)
FN:27,(anonymous_3)
FN:54,(anonymous_4)
FN:66,(anonymous_5)
FNF:6
FNH:0
FNDA:0,ManageAllergies
FNDA:0,(anonymous_1)
FNDA:0,(anonymous_2)
FNDA:0,(anonymous_3)
FNDA:0,(anonymous_4)
FNDA:0,(anonymous_5)
DA:6,0
DA:7,0
DA:8,0
DA:11,0
DA:12,0
DA:15,0
DA:16,0
DA:17,0
DA:18,0
DA:19,0
DA:21,0
DA:23,0
DA:27,0
DA:28,0
DA:29,0
DA:30,0
DA:32,0
DA:33,0
DA:34,0
DA:35,0
DA:37,0
DA:38,0
DA:40,0
DA:44,0
DA:54,0
DA:67,0
LF:26
LH:0
BRDA:28,0,0,0
BRDA:28,0,1,0
BRDA:35,1,0,0
BRDA:35,1,1,0
BRDA:61,2,0,0
BRDA:61,2,1,0
BRDA:65,3,0,0
BRDA:65,3,1,0
BRF:8
BRH:0
end_of_record
TN:
SF:src/modules/Allergies/manageAllergiesService.js
FN:6,(anonymous_0)
FN:21,(anonymous_1)
FN:36,(anonymous_2)
FN:51,(anonymous_3)
FN:66,(anonymous_4)
FNF:5
FNH:0
FNDA:0,(anonymous_0)
FNDA:0,(anonymous_1)
FNDA:0,(anonymous_2)
FNDA:0,(anonymous_3)
FNDA:0,(anonymous_4)
DA:3,1
DA:6,1
DA:7,0
DA:8,0
DA:13,0
DA:15,0
DA:16,0
DA:21,1
DA:22,0
DA:23,0
DA:28,0
DA:30,0
DA:31,0
DA:36,1
DA:37,0
DA:38,0
DA:43,0
DA:45,0
DA:46,0
DA:51,1
DA:52,0
DA:53,0
DA:58,0
DA:60,0
DA:61,0
DA:66,1
DA:67,0
DA:68,0
DA:74,0
DA:75,0
LF:30
LH:6
BRF:0
BRH:0
end_of_record
TN:
SF:src/modules/Auth/Login/Login.js
FN:9,Login
FN:15,(anonymous_1)
FN:59,(anonymous_2)
FN:66,(anonymous_3)
FNF:4
FNH:4
FNDA:17,Login
FNDA:5,(anonymous_1)
FNDA:5,(anonymous_2)
FNDA:5,(anonymous_3)
DA:10,17
DA:11,17
DA:12,17
DA:13,17
DA:15,17
DA:16,5
DA:18,5
DA:24,4
DA:25,4
DA:28,4
DA:29,4
DA:31,1
DA:32,1
DA:34,1
DA:35,1
DA:37,1
DA:38,1
DA:40,1
DA:41,1
DA:45,1
DA:46,1
DA:50,17
DA:59,5
DA:66,5
LF:24
LH:24
BRDA:29,0,0,1
BRDA:29,0,1,1
BRDA:29,0,2,1
BRDA:29,0,3,1
BRDA:45,1,0,1
BRDA:45,1,1,0
BRDA:54,2,0,17
BRDA:54,2,1,1
BRF:8
BRH:7
end_of_record
TN:
SF:src/modules/Auth/Logout/Logout.js
FN:4,Logout
FN:5,(anonymous_1)
FN:15,(anonymous_2)
FNF:3
FNH:3
FNDA:3,Logout
FNDA:3,(anonymous_1)
FNDA:3,(anonymous_2)
DA:5,3
DA:7,3
DA:8,3
DA:11,3
DA:15,3
DA:16,3
DA:19,3
LF:7
LH:7
BRF:0
BRH:0
end_of_record
TN:
SF:src/modules/Auth/Profile/Profile.js
FN:6,Profile
FN:10,(anonymous_1)
FN:11,(anonymous_2)
FNF:3
FNH:3
FNDA:10,Profile
FNDA:5,(anonymous_1)
FNDA:5,(anonymous_2)
DA:7,10
DA:8,10
DA:10,10
DA:11,5
DA:12,5
DA:13,5
DA:15,5
DA:16,2
DA:17,2
DA:20,3
DA:21,3
DA:27,1
DA:28,1
DA:30,2
DA:31,2
DA:32,2
DA:36,5
DA:39,10
LF:18
LH:18
BRDA:15,0,0,2
BRDA:15,0,1,3
BRDA:31,1,0,2
BRDA:31,1,1,1
BRDA:31,1,2,0
BRDA:41,2,0,10
BRDA:41,2,1,4
BRDA:42,3,0,1
BRDA:42,3,1,9
BRF:9
BRH:8
end_of_record
TN:
SF:src/modules/Auth/ResetPassword/RequestPasswordReset.js
FN:6,RequestPasswordReset
FN:11,(anonymous_1)
FN:41,(anonymous_2)
FNF:3
FNH:3
FNDA:12,RequestPasswordReset
FNDA:4,(anonymous_1)
FNDA:3,(anonymous_2)
DA:7,12
DA:8,12
DA:9,12
DA:11,12
DA:12,4
DA:13,1
DA:14,1
DA:15,1
DA:18,3
DA:19,3
DA:23,1
DA:24,1
DA:26,2
DA:27,2
DA:31,12
DA:41,3
LF:16
LH:16
BRDA:12,0,0,1
BRDA:12,0,1,3
BRDA:23,1,0,1
BRDA:23,1,1,0
BRDA:26,2,0,2
BRDA:26,2,1,1
BRDA:35,3,0,12
BRDA:35,3,1,1
BRDA:36,4,0,12
BRDA:36,4,1,3
BRF:10
BRH:9
end_of_record
TN:
SF:src/modules/Auth/ResetPassword/ResetPassword.js
FN:7,ResetPassword
FN:15,(anonymous_1)
FN:46,(anonymous_2)
FN:64,(anonymous_3)
FN:71,(anonymous_4)
FNF:5
FNH:0
FNDA:0,ResetPassword
FNDA:0,(anonymous_1)
FNDA:0,(anonymous_2)
FNDA:0,(anonymous_3)
FNDA:0,(anonymous_4)
DA:8,0
DA:9,0
DA:10,0
DA:11,0
DA:12,0
DA:13,0
DA:15,0
DA:16,0
DA:17,0
DA:19,0
DA:20,0
DA:21,0
DA:24,0
DA:25,0
DA:26,0
DA:29,0
DA:30,0
DA:31,0
DA:33,0
DA:34,0
DA:35,0
DA:38,0
DA:39,0
DA:44,0
DA:46,0
DA:47,0
DA:50,0
DA:54,0
DA:64,0
DA:71,0
LF:30
LH:0
BRDA:19,0,0,0
BRDA:19,0,1,0
BRDA:19,1,0,0
BRDA:19,1,1,0
BRDA:24,2,0,0
BRDA:24,2,1,0
BRDA:33,3,0,0
BRDA:33,3,1,0
BRDA:33,4,0,0
BRDA:33,4,1,0
BRDA:44,5,0,0
BRDA:44,5,1,0
BRDA:50,6,0,0
BRDA:50,6,1,0
BRDA:58,7,0,0
BRDA:58,7,1,0
BRDA:59,8,0,0
BRDA:59,8,1,0
BRF:18
BRH:0
end_of_record
TN:
SF:src/modules/MedicalCondition/ManageMedicalConditionAsAdmin.js
FN:5,ManageMedicalConditionAsAdmin
FN:12,(anonymous_1)
FN:16,(anonymous_2)
FN:28,(anonymous_3)
FN:45,(anonymous_4)
FN:59,(anonymous_5)
FN:75,(anonymous_6)
FN:79,(anonymous_7)
FN:105,(anonymous_8)
FN:117,(anonymous_9)
FN:123,(anonymous_10)
FN:129,(anonymous_11)
FN:149,(anonymous_12)
FN:157,(anonymous_13)
FN:169,(anonymous_14)
FN:181,(anonymous_15)
FN:187,(anonymous_16)
FNF:17
FNH:0
FNDA:0,ManageMedicalConditionAsAdmin
FNDA:0,(anonymous_1)
FNDA:0,(anonymous_2)
FNDA:0,(anonymous_3)
FNDA:0,(anonymous_4)
FNDA:0,(anonymous_5)
FNDA:0,(anonymous_6)
FNDA:0,(anonymous_7)
FNDA:0,(anonymous_8)
FNDA:0,(anonymous_9)
FNDA:0,(anonymous_10)
FNDA:0,(anonymous_11)
FNDA:0,(anonymous_12)
FNDA:0,(anonymous_13)
FNDA:0,(anonymous_14)
FNDA:0,(anonymous_15)
FNDA:0,(anonymous_16)
DA:6,0
DA:7,0
DA:8,0
DA:9,0
DA:10,0
DA:12,0
DA:13,0
DA:16,0
DA:17,0
DA:18,0
DA:19,0
DA:20,0
DA:22,0
DA:24,0
DA:28,0
DA:29,0
DA:30,0
DA:31,0
DA:33,0
DA:34,0
DA:35,0
DA:36,0
DA:38,0
DA:39,0
DA:41,0
DA:45,0
DA:46,0
DA:47,0
DA:48,0
DA:50,0
DA:51,0
DA:52,0
DA:53,0
DA:55,0
DA:59,0
DA:60,0
DA:61,0
DA:62,0
DA:63,0
DA:66,0
DA:67,0
DA:68,0
DA:69,0
DA:71,0
DA:75,0
DA:76,0
DA:79,0
DA:80,0
DA:81,0
DA:82,0
DA:83,0
DA:86,0
DA:87,0
DA:88,0
DA:89,0
DA:90,0
DA:92,0
DA:96,0
DA:105,0
DA:118,0
DA:123,0
DA:129,0
DA:150,0
DA:158,0
DA:169,0
DA:181,0
DA:188,0
LF:67
LH:0
BRDA:29,0,0,0
BRDA:29,0,1,0
BRDA:36,1,0,0
BRDA:36,1,1,0
BRDA:46,2,0,0
BRDA:46,2,1,0
BRDA:46,3,0,0
BRDA:46,3,1,0
BRDA:60,4,0,0
BRDA:60,4,1,0
BRDA:80,5,0,0
BRDA:80,5,1,0
BRDA:112,6,0,0
BRDA:112,6,1,0
BRDA:116,7,0,0
BRDA:116,7,1,0
BRDA:142,8,0,0
BRDA:142,8,1,0
BRF:18
BRH:0
end_of_record
TN:
SF:src/modules/MedicalCondition/ManageMedicalConditionAsDoctor.js
FN:5,ManageMedicalConditions
FN:11,(anonymous_1)
FN:15,(anonymous_2)
FN:27,(anonymous_3)
FN:54,(anonymous_4)
FN:66,(anonymous_5)
FNF:6
FNH:0
FNDA:0,ManageMedicalConditions
FNDA:0,(anonymous_1)
FNDA:0,(anonymous_2)
FNDA:0,(anonymous_3)
FNDA:0,(anonymous_4)
FNDA:0,(anonymous_5)
DA:6,0
DA:7,0
DA:8,0
DA:11,0
DA:12,0
DA:15,0
DA:16,0
DA:17,0
DA:18,0
DA:19,0
DA:21,0
DA:23,0
DA:27,0
DA:28,0
DA:29,0
DA:30,0
DA:32,0
DA:33,0
DA:34,0
DA:35,0
DA:37,0
DA:38,0
DA:40,0
DA:44,0
DA:54,0
DA:67,0
LF:26
LH:0
BRDA:28,0,0,0
BRDA:28,0,1,0
BRDA:35,1,0,0
BRDA:35,1,1,0
BRDA:61,2,0,0
BRDA:61,2,1,0
BRDA:65,3,0,0
BRDA:65,3,1,0
BRF:8
BRH:0
end_of_record
TN:
SF:src/modules/MedicalCondition/manageMedicalConditionService.js
FN:7,(anonymous_0)
FN:22,(anonymous_1)
FN:37,(anonymous_2)
FN:52,(anonymous_3)
FN:67,(anonymous_4)
FNF:5
FNH:0
FNDA:0,(anonymous_0)
FNDA:0,(anonymous_1)
FNDA:0,(anonymous_2)
FNDA:0,(anonymous_3)
FNDA:0,(anonymous_4)
DA:4,1
DA:7,1
DA:8,0
DA:9,0
DA:14,0
DA:16,0
DA:17,0
DA:22,1
DA:23,0
DA:24,0
DA:29,0
DA:31,0
DA:32,0
DA:37,1
DA:38,0
DA:39,0
DA:44,0
DA:46,0
DA:47,0
DA:52,1
DA:53,0
DA:54,0
DA:59,0
DA:61,0
DA:62,0
DA:67,1
DA:68,0
DA:69,0
DA:75,0
DA:76,0
LF:30
LH:6
BRF:0
BRH:0
end_of_record
TN:
SF:src/modules/OperationRequest/OperationRequestById/OperationRequestById.js
FN:6,OperationRequestById
FN:11,(anonymous_1)
FN:46,(anonymous_2)
FNF:3
FNH:3
FNDA:15,OperationRequestById
FNDA:4,(anonymous_1)
FNDA:3,(anonymous_2)
DA:7,15
DA:8,15
DA:9,15
DA:11,15
DA:12,4
DA:13,4
DA:15,4
DA:16,1
DA:17,1
DA:20,3
DA:21,3
DA:26,1
DA:28,2
DA:29,1
DA:31,1
DA:36,15
DA:46,3
LF:17
LH:17
BRDA:15,0,0,1
BRDA:15,0,1,3
BRDA:28,1,0,1
BRDA:28,1,1,1
BRDA:28,2,0,2
BRDA:28,2,1,1
BRDA:52,3,0,15
BRDA:52,3,1,3
BRDA:54,4,0,15
BRDA:54,4,1,1
BRF:10
BRH:10
end_of_record
TN:
SF:src/modules/OperationRequest/OperationRequestByPatient/OperationRequestByPatient.js
FN:6,OperationRequestByPatient
FN:11,(anonymous_1)
FN:46,(anonymous_2)
FN:57,(anonymous_3)
FNF:4
FNH:4
FNDA:15,OperationRequestByPatient
FNDA:4,(anonymous_1)
FNDA:3,(anonymous_2)
FNDA:2,(anonymous_3)
DA:7,15
DA:8,15
DA:9,15
DA:11,15
DA:12,4
DA:13,4
DA:15,4
DA:16,1
DA:17,1
DA:20,3
DA:21,3
DA:26,1
DA:28,2
DA:29,1
DA:31,1
DA:36,15
DA:46,3
DA:58,2
LF:18
LH:18
BRDA:15,0,0,1
BRDA:15,0,1,3
BRDA:28,1,0,1
BRDA:28,1,1,1
BRDA:28,2,0,2
BRDA:28,2,1,1
BRDA:52,3,0,15
BRDA:52,3,1,3
BRDA:54,4,0,15
BRDA:54,4,1,1
BRF:10
BRH:10
end_of_record
TN:
SF:src/modules/OperationRequest/OperationRequestByPriority/OperationRequestByPriority.js
FN:6,OperationRequestByPriority
FN:11,(anonymous_1)
FN:50,(anonymous_2)
FN:61,(anonymous_3)
FNF:4
FNH:4
FNDA:15,OperationRequestByPriority
FNDA:4,(anonymous_1)
FNDA:3,(anonymous_2)
FNDA:2,(anonymous_3)
DA:7,15
DA:8,15
DA:9,15
DA:11,15
DA:12,4
DA:13,4
DA:15,4
DA:16,1
DA:17,1
DA:20,3
DA:21,3
DA:26,1
DA:28,1
DA:29,0
DA:32,2
DA:33,1
DA:35,1
DA:40,15
DA:50,3
DA:62,2
LF:20
LH:19
BRDA:15,0,0,1
BRDA:15,0,1,3
BRDA:15,1,0,4
BRDA:15,1,1,3
BRDA:28,2,0,0
BRDA:28,2,1,1
BRDA:32,3,0,1
BRDA:32,3,1,1
BRDA:32,4,0,2
BRDA:32,4,1,1
BRDA:56,5,0,15
BRDA:56,5,1,3
BRDA:58,6,0,15
BRDA:58,6,1,1
BRF:14
BRH:13
end_of_record
TN:
SF:src/modules/OperationRequest/OperationRequestByType/OperationRequestByType.js
FN:6,OperationRequestByType
FN:11,(anonymous_1)
FN:50,(anonymous_2)
FN:61,(anonymous_3)
FNF:4
FNH:4
FNDA:15,OperationRequestByType
FNDA:4,(anonymous_1)
FNDA:3,(anonymous_2)
FNDA:2,(anonymous_3)
DA:7,15
DA:8,15
DA:9,15
DA:11,15
DA:12,4
DA:13,4
DA:15,4
DA:16,1
DA:17,1
DA:20,3
DA:21,3
DA:26,1
DA:28,1
DA:29,0
DA:32,2
DA:33,1
DA:35,1
DA:40,15
DA:50,3
DA:62,2
LF:20
LH:19
BRDA:15,0,0,1
BRDA:15,0,1,3
BRDA:28,1,0,0
BRDA:28,1,1,1
BRDA:32,2,0,1
BRDA:32,2,1,1
BRDA:32,3,0,2
BRDA:32,3,1,1
BRDA:56,4,0,15
BRDA:56,4,1,3
BRDA:58,5,0,15
BRDA:58,5,1,1
BRF:12
BRH:11
end_of_record
TN:
SF:src/modules/OperationRequest/OperationRequestCreate/OperationRequestCreate.js
FN:6,OperationRequestCreate
FN:19,(anonymous_1)
FN:24,(anonymous_2)
FNF:3
FNH:3
FNDA:20,OperationRequestCreate
FNDA:12,(anonymous_1)
FNDA:2,(anonymous_2)
DA:7,20
DA:14,20
DA:15,20
DA:16,20
DA:19,20
DA:20,12
DA:21,12
DA:24,20
DA:25,2
DA:26,2
DA:27,2
DA:28,2
DA:30,2
DA:31,2
DA:38,1
DA:39,1
DA:40,1
DA:49,1
DA:50,1
DA:54,20
LF:20
LH:20
BRDA:38,0,0,1
BRDA:38,0,1,0
BRDA:57,1,0,20
BRDA:57,1,1,1
BRDA:58,2,0,20
BRDA:58,2,1,1
BRDA:122,3,0,3
BRDA:122,3,1,17
BRF:8
BRH:7
end_of_record
TN:
SF:src/modules/OperationRequest/OperationRequestDelete/OperationRequestDelete.js
FN:6,OperationRequestDelete
FN:10,(anonymous_1)
FN:51,(anonymous_2)
FNF:3
FNH:3
FNDA:9,OperationRequestDelete
FNDA:2,(anonymous_1)
FNDA:1,(anonymous_2)
DA:7,9
DA:8,9
DA:10,9
DA:11,2
DA:12,2
DA:13,2
DA:21,1
DA:22,1
DA:23,1
DA:25,0
DA:28,1
DA:29,1
DA:33,9
DA:51,1
LF:14
LH:13
BRDA:22,0,0,1
BRDA:22,0,1,0
BRDA:29,1,0,1
BRDA:29,1,1,0
BRDA:40,2,0,9
BRDA:40,2,1,1
BRDA:47,3,0,2
BRDA:47,3,1,7
BRF:8
BRH:6
end_of_record
TN:
SF:src/modules/OperationRequest/OperationRequestList/OperationRequestList.js
FN:8,OperationRequestList
FN:16,(anonymous_1)
FN:17,(anonymous_2)
FN:33,(anonymous_3)
FN:35,(anonymous_4)
FN:36,(anonymous_5)
FN:43,(anonymous_6)
FN:45,(anonymous_7)
FN:46,(anonymous_8)
FN:63,(anonymous_9)
FN:75,(anonymous_10)
FN:81,(anonymous_11)
FNF:12
FNH:6
FNDA:14,OperationRequestList
FNDA:6,(anonymous_1)
FNDA:6,(anonymous_2)
FNDA:0,(anonymous_3)
FNDA:0,(anonymous_4)
FNDA:0,(anonymous_5)
FNDA:0,(anonymous_6)
FNDA:0,(anonymous_7)
FNDA:0,(anonymous_8)
FNDA:10,(anonymous_9)
FNDA:1,(anonymous_10)
FNDA:1,(anonymous_11)
DA:9,14
DA:10,13
DA:11,13
DA:12,13
DA:13,13
DA:14,13
DA:16,13
DA:17,6
DA:18,6
DA:19,6
DA:22,5
DA:23,4
DA:25,2
DA:26,2
DA:30,6
DA:33,13
DA:34,0
DA:35,0
DA:36,0
DA:38,0
DA:40,0
DA:43,13
DA:44,0
DA:45,0
DA:46,0
DA:47,0
DA:50,0
DA:52,0
DA:55,13
DA:56,7
DA:58,6
DA:64,10
DA:75,1
DA:81,1
LF:34
LH:23
BRDA:34,0,0,0
BRDA:34,0,1,0
BRDA:44,1,0,0
BRDA:44,1,1,0
BRDA:47,2,0,0
BRDA:47,2,1,0
BRDA:55,3,0,6
BRDA:55,3,1,7
BRDA:56,4,0,1
BRDA:56,4,1,6
BRDA:62,5,0,5
BRDA:62,5,1,1
BRDA:93,6,0,6
BRDA:93,6,1,1
BRDA:105,7,0,6
BRDA:105,7,1,1
BRF:16
BRH:10
end_of_record
TN:
SF:src/modules/OperationRequest/OperationRequestUpdate/OperationRequestUpdate.js
FN:7,(anonymous_0)
FN:20,(anonymous_1)
FN:25,(anonymous_2)
FN:43,(anonymous_3)
FN:51,(anonymous_4)
FNF:5
FNH:4
FNDA:12,(anonymous_0)
FNDA:2,(anonymous_1)
FNDA:2,(anonymous_2)
FNDA:1,(anonymous_3)
FNDA:0,(anonymous_4)
DA:7,3
DA:8,12
DA:16,12
DA:17,12
DA:18,12
DA:20,12
DA:21,2
DA:22,2
DA:25,12
DA:26,2
DA:27,2
DA:28,2
DA:35,1
DA:36,1
DA:38,1
DA:39,1
DA:43,12
DA:44,1
DA:47,12
DA:51,0
LF:20
LH:19
BRDA:50,0,0,12
BRDA:50,0,1,1
BRDA:109,1,0,2
BRDA:109,1,1,10
BRF:4
BRH:4
end_of_record
TN:
SF:src/modules/Patient/AccountManagement/DeleteAccount/ConfirmDeleteAccount/ConfirmDeleteAccount.js
FN:7,ConfirmDeleteAccount
FN:15,(anonymous_1)
FN:25,(anonymous_2)
FN:31,(anonymous_3)
FN:38,(anonymous_4)
FN:43,(anonymous_5)
FN:59,(anonymous_6)
FNF:7
FNH:3
FNDA:7,ConfirmDeleteAccount
FNDA:3,(anonymous_1)
FNDA:0,(anonymous_2)
FNDA:2,(anonymous_3)
FNDA:0,(anonymous_4)
FNDA:0,(anonymous_5)
FNDA:0,(anonymous_6)
DA:8,7
DA:9,7
DA:10,7
DA:11,7
DA:12,7
DA:13,7
DA:15,7
DA:16,3
DA:17,3
DA:18,3
DA:20,3
DA:21,2
DA:22,2
DA:24,1
DA:25,1
DA:26,0
DA:31,7
DA:32,2
DA:33,2
DA:37,1
DA:38,1
DA:39,0
DA:42,1
DA:43,1
DA:44,0
DA:49,7
DA:60,0
DA:61,0
LF:28
LH:23
BRDA:20,0,0,2
BRDA:20,0,1,1
BRDA:20,1,0,3
BRDA:20,1,1,2
BRDA:37,2,0,1
BRDA:37,2,1,0
BRDA:42,3,0,1
BRDA:42,3,1,0
BRDA:68,4,0,7
BRDA:68,4,1,1
BRDA:69,5,0,7
BRDA:69,5,1,1
BRF:12
BRH:10
end_of_record
TN:
SF:src/modules/Patient/AccountManagement/DeleteAccount/RequestDeleteAccount/RequestDeleteAccount.js
FN:6,RequestDeleteAccount
FN:10,(anonymous_1)
FNF:2
FNH:2
FNDA:9,RequestDeleteAccount
FNDA:4,(anonymous_1)
DA:7,9
DA:8,9
DA:10,9
DA:11,4
DA:13,4
DA:14,1
DA:15,1
DA:18,3
DA:19,3
DA:27,1
DA:28,1
DA:30,2
DA:31,2
DA:35,9
LF:14
LH:14
BRDA:13,0,0,1
BRDA:13,0,1,3
BRDA:30,1,0,2
BRDA:30,1,1,1
BRDA:39,2,0,9
BRDA:39,2,1,1
BRDA:40,3,0,9
BRDA:40,3,1,3
BRF:8
BRH:8
end_of_record
TN:
SF:src/modules/Patient/AccountManagement/PatientProfile/PatientInfo.js
FN:4,(anonymous_0)
FNF:1
FNH:0
FNDA:0,(anonymous_0)
DA:4,1
DA:5,0
LF:2
LH:1
BRF:0
BRH:0
end_of_record
TN:
SF:src/modules/Patient/AccountManagement/PatientProfile/PatientProfile.js
FN:8,(anonymous_0)
FN:26,(anonymous_1)
FN:27,(anonymous_2)
FN:45,(anonymous_3)
FN:69,(anonymous_4)
FN:102,(anonymous_5)
FN:108,(anonymous_6)
FNF:7
FNH:0
FNDA:0,(anonymous_0)
FNDA:0,(anonymous_1)
FNDA:0,(anonymous_2)
FNDA:0,(anonymous_3)
FNDA:0,(anonymous_4)
FNDA:0,(anonymous_5)
FNDA:0,(anonymous_6)
DA:8,1
DA:9,0
DA:21,0
DA:22,0
DA:23,0
DA:24,0
DA:26,0
DA:27,0
DA:28,0
DA:29,0
DA:35,0
DA:37,0
DA:38,0
DA:42,0
DA:45,0
DA:46,0
DA:47,0
DA:55,0
DA:56,0
DA:57,0
DA:58,0
DA:59,0
DA:60,0
DA:62,0
DA:64,0
DA:65,0
DA:69,0
DA:71,0
DA:72,0
DA:76,0
DA:78,0
DA:82,0
DA:83,0
DA:86,0
DA:87,0
DA:89,0
DA:90,0
DA:94,0
DA:102,0
DA:108,0
LF:40
LH:1
BRDA:76,0,0,0
BRDA:76,0,1,0
BRDA:96,1,0,0
BRDA:96,1,1,0
BRDA:97,2,0,0
BRDA:97,2,1,0
BRDA:101,3,0,0
BRDA:101,3,1,0
BRDA:107,4,0,0
BRDA:107,4,1,0
BRDA:114,5,0,0
BRDA:114,5,1,0
BRDA:125,6,0,0
BRDA:125,6,1,0
BRF:14
BRH:0
end_of_record
TN:
SF:src/modules/Patient/AccountManagement/PatientProfile/UpdateProfile/PatientUpdate.js
FN:7,(anonymous_0)
FN:27,(anonymous_1)
FN:29,(anonymous_2)
FN:38,(anonymous_3)
FN:43,(anonymous_4)
FN:65,(anonymous_5)
FN:73,(anonymous_6)
FNF:7
FNH:0
FNDA:0,(anonymous_0)
FNDA:0,(anonymous_1)
FNDA:0,(anonymous_2)
FNDA:0,(anonymous_3)
FNDA:0,(anonymous_4)
FNDA:0,(anonymous_5)
FNDA:0,(anonymous_6)
DA:7,1
DA:8,0
DA:19,0
DA:20,0
DA:21,0
DA:22,0
DA:27,0
DA:28,0
DA:29,0
DA:38,0
DA:39,0
DA:40,0
DA:43,0
DA:44,0
DA:45,0
DA:46,0
DA:53,0
DA:54,0
DA:55,0
DA:56,0
DA:58,0
DA:59,0
DA:60,0
DA:61,0
DA:65,0
DA:66,0
DA:69,0
DA:73,0
LF:28
LH:1
BRDA:28,0,0,0
BRDA:28,0,1,0
BRDA:32,1,0,0
BRDA:32,1,1,0
BRDA:33,2,0,0
BRDA:33,2,1,0
BRDA:59,3,0,0
BRDA:59,3,1,0
BRDA:72,4,0,0
BRDA:72,4,1,0
BRDA:145,5,0,0
BRDA:145,5,1,0
BRF:12
BRH:0
end_of_record
TN:
SF:src/modules/Specializations/ManageSpecializationsAsAdmin.js
FN:5,ManageSpecializationsAsAdmin
FN:13,(anonymous_1)
FN:17,(anonymous_2)
FN:29,(anonymous_3)
FN:46,(anonymous_4)
FN:60,(anonymous_5)
FN:64,(anonymous_6)
FN:80,(anonymous_7)
FN:84,(anonymous_8)
FN:88,(anonymous_9)
FN:105,(anonymous_10)
FN:120,(anonymous_11)
FN:132,(anonymous_12)
FN:138,(anonymous_13)
FN:144,(anonymous_14)
FN:164,(anonymous_15)
FN:172,(anonymous_16)
FN:184,(anonymous_17)
FN:196,(anonymous_18)
FN:202,(anonymous_19)
FNF:20
FNH:0
FNDA:0,ManageSpecializationsAsAdmin
FNDA:0,(anonymous_1)
FNDA:0,(anonymous_2)
FNDA:0,(anonymous_3)
FNDA:0,(anonymous_4)
FNDA:0,(anonymous_5)
FNDA:0,(anonymous_6)
FNDA:0,(anonymous_7)
FNDA:0,(anonymous_8)
FNDA:0,(anonymous_9)
FNDA:0,(anonymous_10)
FNDA:0,(anonymous_11)
FNDA:0,(anonymous_12)
FNDA:0,(anonymous_13)
FNDA:0,(anonymous_14)
FNDA:0,(anonymous_15)
FNDA:0,(anonymous_16)
FNDA:0,(anonymous_17)
FNDA:0,(anonymous_18)
FNDA:0,(anonymous_19)
DA:6,0
DA:7,0
DA:8,0
DA:9,0
DA:10,0
DA:11,0
DA:13,0
DA:14,0
DA:17,0
DA:18,0
DA:19,0
DA:20,0
DA:21,0
DA:23,0
DA:25,0
DA:29,0
DA:30,0
DA:31,0
DA:32,0
DA:34,0
DA:35,0
DA:36,0
DA:37,0
DA:39,0
DA:40,0
DA:42,0
DA:46,0
DA:47,0
DA:48,0
DA:49,0
DA:51,0
DA:52,0
DA:53,0
DA:54,0
DA:55,0
DA:57,0
DA:58,0
DA:60,0
DA:64,0
DA:65,0
DA:66,0
DA:67,0
DA:68,0
DA:71,0
DA:72,0
DA:73,0
DA:74,0
DA:75,0
DA:77,0
DA:78,0
DA:80,0
DA:84,0
DA:85,0
DA:88,0
DA:89,0
DA:90,0
DA:91,0
DA:92,0
DA:95,0
DA:96,0
DA:97,0
DA:98,0
DA:99,0
DA:100,0
DA:102,0
DA:103,0
DA:105,0
DA:109,0
DA:120,0
DA:133,0
DA:138,0
DA:144,0
DA:165,0
DA:173,0
DA:184,0
DA:196,0
DA:203,0
LF:77
LH:0
BRDA:30,0,0,0
BRDA:30,0,1,0
BRDA:37,1,0,0
BRDA:37,1,1,0
BRDA:47,2,0,0
BRDA:47,2,1,0
BRDA:47,3,0,0
BRDA:47,3,1,0
BRDA:65,4,0,0
BRDA:65,4,1,0
BRDA:89,5,0,0
BRDA:89,5,1,0
BRDA:113,6,0,0
BRDA:113,6,1,0
BRDA:127,7,0,0
BRDA:127,7,1,0
BRDA:131,8,0,0
BRDA:131,8,1,0
BRDA:157,9,0,0
BRDA:157,9,1,0
BRF:20
BRH:0
end_of_record
TN:
SF:src/modules/Specializations/ManageSpecializationsAsDoctor.js
FN:5,ManageSpecializations
FN:11,(anonymous_1)
FN:15,(anonymous_2)
FN:27,(anonymous_3)
FN:54,(anonymous_4)
FN:66,(anonymous_5)
FNF:6
FNH:0
FNDA:0,ManageSpecializations
FNDA:0,(anonymous_1)
FNDA:0,(anonymous_2)
FNDA:0,(anonymous_3)
FNDA:0,(anonymous_4)
FNDA:0,(anonymous_5)
DA:6,0
DA:7,0
DA:8,0
DA:11,0
DA:12,0
DA:15,0
DA:16,0
DA:17,0
DA:18,0
DA:19,0
DA:21,0
DA:23,0
DA:27,0
DA:28,0
DA:29,0
DA:30,0
DA:32,0
DA:33,0
DA:34,0
DA:35,0
DA:37,0
DA:38,0
DA:40,0
DA:44,0
DA:54,0
DA:67,0
LF:26
LH:0
BRDA:28,0,0,0
BRDA:28,0,1,0
BRDA:35,1,0,0
BRDA:35,1,1,0
BRDA:61,2,0,0
BRDA:61,2,1,0
BRDA:65,3,0,0
BRDA:65,3,1,0
BRF:8
BRH:0
end_of_record
TN:
SF:src/modules/Specializations/manageSpecializationsService.js
FN:7,(anonymous_0)
FN:22,(anonymous_1)
FN:37,(anonymous_2)
FN:52,(anonymous_3)
FN:67,(anonymous_4)
FNF:5
FNH:0
FNDA:0,(anonymous_0)
FNDA:0,(anonymous_1)
FNDA:0,(anonymous_2)
FNDA:0,(anonymous_3)
FNDA:0,(anonymous_4)
DA:4,1
DA:7,1
DA:8,0
DA:9,0
DA:14,0
DA:16,0
DA:17,0
DA:22,1
DA:23,0
DA:24,0
DA:29,0
DA:31,0
DA:32,0
DA:37,1
DA:38,0
DA:39,0
DA:44,0
DA:46,0
DA:47,0
DA:52,1
DA:53,0
DA:54,0
DA:59,0
DA:61,0
DA:62,0
DA:67,1
DA:68,0
DA:69,0
DA:75,0
DA:76,0
LF:30
LH:6
BRF:0
BRH:0
end_of_record
TN:
SF:src/modules/SystemUser/ConfirmEmail/ConfirmEmail.js
FN:7,ConfirmEmail
FN:15,(anonymous_1)
FN:25,(anonymous_2)
FN:31,(anonymous_3)
FN:37,(anonymous_4)
FN:54,(anonymous_5)
FNF:6
FNH:4
FNDA:11,ConfirmEmail
FNDA:5,(anonymous_1)
FNDA:0,(anonymous_2)
FNDA:2,(anonymous_3)
FNDA:0,(anonymous_4)
FNDA:1,(anonymous_5)
DA:8,11
DA:9,11
DA:10,11
DA:11,11
DA:12,11
DA:13,11
DA:15,11
DA:16,5
DA:17,5
DA:18,5
DA:20,5
DA:21,4
DA:22,4
DA:24,1
DA:25,1
DA:26,0
DA:31,11
DA:32,2
DA:33,2
DA:36,1
DA:37,1
DA:38,0
DA:41,1
DA:45,11
DA:54,1
LF:25
LH:23
BRDA:20,0,0,4
BRDA:20,0,1,1
BRDA:20,1,0,5
BRDA:20,1,1,4
BRDA:36,2,0,1
BRDA:36,2,1,0
BRDA:41,3,0,1
BRDA:41,3,1,0
BRDA:60,4,0,11
BRDA:60,4,1,1
BRDA:61,5,0,11
BRDA:61,5,1,1
BRF:12
BRH:10
end_of_record
TN:
SF:src/modules/SystemUser/PatientRegister/PatientRegister.js
FN:7,PatientRegister
FN:20,(anonymous_1)
FN:25,(anonymous_2)
FN:49,(anonymous_3)
FNF:4
FNH:4
FNDA:27,PatientRegister
FNDA:16,(anonymous_1)
FNDA:3,(anonymous_2)
FNDA:1,(anonymous_3)
DA:8,27
DA:15,26
DA:16,26
DA:17,26
DA:18,26
DA:20,26
DA:21,16
DA:22,16
DA:25,26
DA:26,3
DA:27,3
DA:28,3
DA:29,3
DA:31,3
DA:32,3
DA:33,3
DA:38,2
DA:39,2
DA:40,2
DA:43,1
DA:45,3
DA:49,3
DA:50,1
DA:54,26
LF:24
LH:24
BRDA:38,0,0,2
BRDA:38,0,1,0
BRDA:43,1,0,1
BRDA:43,1,1,0
BRDA:57,2,0,26
BRDA:57,2,1,1
BRDA:58,3,0,26
BRDA:58,3,1,1
BRDA:110,4,0,3
BRDA:110,4,1,23
BRF:10
BRH:8
end_of_record
